[debug] [2024-02-27T00:14:40.944Z] ----------------------------------------------------------------------
[debug] [2024-02-27T00:14:40.948Z] Command:       C:\Program Files\nodejs\node.exe C:\Users\Acer\AppData\Roaming\npm\node_modules\firebase-tools\lib\bin\firebase.js init
[debug] [2024-02-27T00:14:40.948Z] CLI Version:   13.2.1
[debug] [2024-02-27T00:14:40.948Z] Platform:      win32
[debug] [2024-02-27T00:14:40.948Z] Node Version:  v21.6.1
[debug] [2024-02-27T00:14:40.948Z] Time:          Mon Feb 26 2024 19:14:40 GMT-0500 (hora estándar de Colombia)
[debug] [2024-02-27T00:14:40.949Z] ----------------------------------------------------------------------
[debug] 
[debug] [2024-02-27T00:14:40.952Z] >>> [apiv2][query] GET https://firebase-public.firebaseio.com/cli.json [none]
[debug] [2024-02-27T00:14:41.003Z] > command requires scopes: ["email","openid","https://www.googleapis.com/auth/cloudplatformprojects.readonly","https://www.googleapis.com/auth/firebase","https://www.googleapis.com/auth/cloud-platform"]
[debug] [2024-02-27T00:14:41.003Z] > authorizing via signed-in user (santiageo@gmail.com)
[info] 
     ######## #### ########  ######## ########     ###     ######  ########
     ##        ##  ##     ## ##       ##     ##  ##   ##  ##       ##
     ######    ##  ########  ######   ########  #########  ######  ######
     ##        ##  ##    ##  ##       ##     ## ##     ##       ## ##
     ##       #### ##     ## ######## ########  ##     ##  ######  ########

You're about to initialize a Firebase project in this directory:

  C:\Users\Acer\Desktop\Visor Cartografico Piloto\ColombiaGeoDiverHub

[debug] [2024-02-27T00:14:41.621Z] <<< [apiv2][status] GET https://firebase-public.firebaseio.com/cli.json 200
[debug] [2024-02-27T00:14:41.621Z] <<< [apiv2][body] GET https://firebase-public.firebaseio.com/cli.json {"cloudBuildErrorAfter":1594252800000,"cloudBuildWarnAfter":1590019200000,"defaultNode10After":1594252800000,"minVersion":"3.0.5","node8DeploysDisabledAfter":1613390400000,"node8RuntimeDisabledAfter":1615809600000,"node8WarnAfter":1600128000000}
[error] 
[error] Error: Must select at least one feature. Use SPACEBAR to select features, or specify a feature by running firebase init [feature_name]
